2022-06-10 10:10:54 -  - exec CUpdateClientPartner::__CollectRequestData
2022-06-10 10:10:54 -  - exec CUpdateClientPartner::GetHTTPPage
2022-06-10 10:10:55 -  - exec CUpdateClientPartner::ParseServerData
2022-06-10 10:10:55 -  - exec CUpdateClientPartner::GetUpdatesList
2022-06-10 10:10:55 -  - exec CUpdateClientPartner::__CollectRequestData
2022-06-10 10:10:55 -  - utf=Y&lang=ru&stable=Y&CANGZIP=Y&SUPD_DBS=MYSQL&XE=N&CLIENT_SITE=localhost&LICENSE_KEY=X&SUPD_STS=1&SUPD_URS=1&SUPD_URSA=1&TYPENC=D&CLIENT_PHPVER=7.4.29&NGINX=Y&dbv=5.6.51&instm=main%2C21.400.100%2CY%3Babtest%2C21.0.0%2CN%3Badvertising%2C21.100.0%2CN%3Bb24connector%2C21.0.0%2CN%3Bbitrix.eshop%2C21.0.100%2CN%3Bbitrix.sitecommunity%2C15.5.0%2CN%3Bbitrix.sitecorporate%2C15.5.0%2CN%3Bbitrix.siteinfoportal%2C15.5.0%2CN%3Bbitrix.sitepersonal%2C15.5.0%2CN%3Bbitrixcloud%2C21.0.0%2CN%3Bbizproc%2C21.200.200%2CN%3Bbizprocdesigner%2C21.100.0%2CN%3Bblog%2C21.200.0%2CN%3Bcalendar%2C21.200.0%2CN%3Bcatalog%2C21.200.0%2CN%3Bclouds%2C21.100.0%2CN%3Bcontroller%2C21.0.0%2CN%3Bconversion%2C21.0.0%2CN%3Bcrm%2C21.600.100%2CN%3Bcurrency%2C21.100.0%2CN%3Bdav%2C21.100.0%2CN%3Bdisk%2C21.500.0%2CN%3Bdocumentgenerator%2C21.0.0%2CN%3Bextranet%2C21.100.0%2CN%3Bfaceid%2C21.100.0%2CN%3Bfileman%2C21.200.0%2CN%3Bform%2C21.0.0%2CN%3Bforum%2C21.100.0%2CN%3Bhighloadblock%2C21.100.0%2CN%3Biblock%2C21.400.100%2CN%3Bidea%2C21.0.0%2CN%3Bim%2C21.300.100%2CN%3Bimbot%2C21.100.200%2CN%3Bimconnector%2C21.175.0%2CN%3Bimopenlines%2C21.200.100%2CN%3Bintranet%2C21.400.400%2CN%3Blanding%2C21.300.300%2CN%3Bldap%2C21.0.0%2CN%3Blearning%2C21.0.0%2CN%3Blists%2C21.100.0%2CN%3Blocation%2C21.200.100%2CN%3Bmail%2C21.100.100%2CN%3Bmeeting%2C21.100.0%2CN%3Bmessageservice%2C21.100.0%2CN%3Bml%2C21.0.0%2CN%3Bmobile%2C21.600.0%2CN%3Bmobileapp%2C21.0.50%2CN%3Bperfmon%2C21.0.0%2CN%3Bphotogallery%2C21.0.0%2CN%3Bpull%2C21.200.0%2CN%3Brecyclebin%2C21.0.0%2CN%3Breport%2C21.100.0%2CN%3Brest%2C21.200.0%2CN%3Brpa%2C21.0.0%2CN%3Bsale%2C21.400.0%2CN%3Bsalescenter%2C21.200.0%2CN%3Bscale%2C21.0.0%2CN%3Bsearch%2C21.0.100%2CN%3Bsecurity%2C21.0.0%2CN%3Bsender%2C21.100.100%2CN%3Bseo%2C21.300.0%2CN%3Bsocialnetwork%2C21.350.0%2CN%3Bsocialservices%2C21.100.0%2CN%3Bstatistic%2C21.0.0%2CN%3Bstoreassist%2C21.0.0%2CN%3Bsubscribe%2C21.0.0%2CN%3Bsupport%2C21.0.0%2CN%3Btasks%2C21.300.200%2CN%3Btimeman%2C21.200.0%2CN%3Btransformer%2C21.0.0%2CN%3Btranslate%2C21.100.0%2CN%3Bui%2C21.300.0%2CN%3Bvote%2C21.0.0%2CN%3Bvoximplant%2C21.100.200%2CN%3Bwebservice%2C21.0.0%2CN%3Bwiki%2C21.100.0%2CN%3Bworkflow%2C21.0.0%2CN%3Bxdimport%2C21.0.0%2CN&reqm=bitrix.eshop%2Cbitrix.sitecommunity%2Cbitrix.sitecorporate%2Cbitrix.siteinfoportal%2Cbitrix.sitepersonal&fullmoduleinfo=Y&SUPD_SRS=RU&SUPD_CMP=N
2022-06-10 10:10:55 -  - exec CUpdateClientPartner::GetHTTPPage
2022-06-10 10:10:55 -  - TIME GetUpdatesList(request) 0.26 sec
2022-06-10 10:10:55 -  - exec CUpdateClientPartner::ParseServerData
2022-06-10 10:10:55 -  - exec CUpdateClientPartner::__CollectRequestData
2022-06-10 10:10:55 -  - exec CUpdateClientPartner::GetHTTPPage
2022-06-10 10:10:55 -  - exec CUpdateClientPartner::ParseServerData
2022-06-20 11:36:36 -  - exec CUpdateClientPartner::__CollectRequestData
2022-06-20 11:36:36 -  - exec CUpdateClientPartner::GetHTTPPage
2022-06-20 11:36:36 -  - exec CUpdateClientPartner::ParseServerData
2022-06-20 11:36:36 -  - exec CUpdateClientPartner::GetUpdatesList
2022-06-20 11:36:36 -  - exec CUpdateClientPartner::__CollectRequestData
2022-06-20 11:36:36 -  - utf=Y&lang=ru&stable=Y&CANGZIP=Y&SUPD_DBS=MYSQL&XE=N&CLIENT_SITE=localhost&LICENSE_KEY=X&SUPD_STS=1&SUPD_URS=1&SUPD_URSA=1&TYPENC=D&CLIENT_PHPVER=7.4.29&NGINX=Y&dbv=5.6.51&instm=main%2C21.400.100%2CY%3Babtest%2C21.0.0%2CN%3Badvertising%2C21.100.0%2CN%3Bb24connector%2C21.0.0%2CN%3Bbitrix.eshop%2C21.0.100%2CN%3Bbitrix.sitecommunity%2C15.5.0%2CN%3Bbitrix.sitecorporate%2C15.5.0%2CN%3Bbitrix.siteinfoportal%2C15.5.0%2CN%3Bbitrix.sitepersonal%2C15.5.0%2CN%3Bbitrixcloud%2C21.0.0%2CN%3Bbizproc%2C21.200.200%2CN%3Bbizprocdesigner%2C21.100.0%2CN%3Bblog%2C21.200.0%2CN%3Bcalendar%2C21.200.0%2CN%3Bcatalog%2C21.200.0%2CN%3Bclouds%2C21.100.0%2CN%3Bcontroller%2C21.0.0%2CN%3Bconversion%2C21.0.0%2CN%3Bcrm%2C21.600.100%2CN%3Bcurrency%2C21.100.0%2CN%3Bdav%2C21.100.0%2CN%3Bdisk%2C21.500.0%2CN%3Bdocumentgenerator%2C21.0.0%2CN%3Bextranet%2C21.100.0%2CN%3Bfaceid%2C21.100.0%2CN%3Bfileman%2C21.200.0%2CN%3Bform%2C21.0.0%2CN%3Bforum%2C21.100.0%2CN%3Bhighloadblock%2C21.100.0%2CN%3Biblock%2C21.400.100%2CN%3Bidea%2C21.0.0%2CN%3Bim%2C21.300.100%2CN%3Bimbot%2C21.100.200%2CN%3Bimconnector%2C21.175.0%2CN%3Bimopenlines%2C21.200.100%2CN%3Bintranet%2C21.400.400%2CN%3Blanding%2C21.300.300%2CN%3Bldap%2C21.0.0%2CN%3Blearning%2C21.0.0%2CN%3Blists%2C21.100.0%2CN%3Blocation%2C21.200.100%2CN%3Bmail%2C21.100.100%2CN%3Bmeeting%2C21.100.0%2CN%3Bmessageservice%2C21.100.0%2CN%3Bml%2C21.0.0%2CN%3Bmobile%2C21.600.0%2CN%3Bmobileapp%2C21.0.50%2CN%3Bperfmon%2C21.0.0%2CN%3Bphotogallery%2C21.0.0%2CN%3Bpull%2C21.200.0%2CN%3Brecyclebin%2C21.0.0%2CN%3Breport%2C21.100.0%2CN%3Brest%2C21.200.0%2CN%3Brpa%2C21.0.0%2CN%3Bsale%2C21.400.0%2CN%3Bsalescenter%2C21.200.0%2CN%3Bscale%2C21.0.0%2CN%3Bsearch%2C21.0.100%2CN%3Bsecurity%2C21.0.0%2CN%3Bsender%2C21.100.100%2CN%3Bseo%2C21.300.0%2CN%3Bsocialnetwork%2C21.350.0%2CN%3Bsocialservices%2C21.100.0%2CN%3Bstatistic%2C21.0.0%2CN%3Bstoreassist%2C21.0.0%2CN%3Bsubscribe%2C21.0.0%2CN%3Bsupport%2C21.0.0%2CN%3Btasks%2C21.300.200%2CN%3Btimeman%2C21.200.0%2CN%3Btransformer%2C21.0.0%2CN%3Btranslate%2C21.100.0%2CN%3Bui%2C21.300.0%2CN%3Bvote%2C21.0.0%2CN%3Bvoximplant%2C21.100.200%2CN%3Bwebservice%2C21.0.0%2CN%3Bwiki%2C21.100.0%2CN%3Bworkflow%2C21.0.0%2CN%3Bxdimport%2C21.0.0%2CN&reqm=bitrix.eshop%2Cbitrix.sitecommunity%2Cbitrix.sitecorporate%2Cbitrix.siteinfoportal%2Cbitrix.sitepersonal&fullmoduleinfo=Y&SUPD_SRS=RU&SUPD_CMP=N
2022-06-20 11:36:36 -  - exec CUpdateClientPartner::GetHTTPPage
2022-06-20 11:36:37 -  - TIME GetUpdatesList(request) 0.262 sec
2022-06-20 11:36:37 -  - exec CUpdateClientPartner::ParseServerData
2022-06-20 11:36:37 -  - exec CUpdateClientPartner::__CollectRequestData
2022-06-20 11:36:37 -  - exec CUpdateClientPartner::GetHTTPPage
2022-06-20 11:36:37 -  - exec CUpdateClientPartner::ParseServerData
2022-06-29 08:06:33 -  - exec CUpdateClientPartner::__CollectRequestData
2022-06-29 08:06:33 -  - exec CUpdateClientPartner::GetHTTPPage
2022-06-29 08:06:33 -  - exec CUpdateClientPartner::ParseServerData
2022-06-29 08:06:33 -  - exec CUpdateClientPartner::GetUpdatesList
2022-06-29 08:06:33 -  - exec CUpdateClientPartner::__CollectRequestData
2022-06-29 08:06:33 -  - utf=Y&lang=ru&stable=Y&CANGZIP=Y&SUPD_DBS=MYSQL&XE=N&CLIENT_SITE=localhost&LICENSE_KEY=X&SUPD_STS=1&SUPD_URS=1&SUPD_URSA=1&TYPENC=D&CLIENT_PHPVER=7.4.29&NGINX=Y&dbv=5.6.51&instm=main%2C21.400.100%2CY%3Babtest%2C21.0.0%2CN%3Badvertising%2C21.100.0%2CN%3Bb24connector%2C21.0.0%2CN%3Bbitrix.eshop%2C21.0.100%2CN%3Bbitrix.sitecommunity%2C15.5.0%2CN%3Bbitrix.sitecorporate%2C15.5.0%2CN%3Bbitrix.siteinfoportal%2C15.5.0%2CN%3Bbitrix.sitepersonal%2C15.5.0%2CN%3Bbitrixcloud%2C21.0.0%2CN%3Bbizproc%2C21.200.200%2CN%3Bbizprocdesigner%2C21.100.0%2CN%3Bblog%2C21.200.0%2CN%3Bcalendar%2C21.200.0%2CN%3Bcatalog%2C21.200.0%2CN%3Bclouds%2C21.100.0%2CN%3Bcontroller%2C21.0.0%2CN%3Bconversion%2C21.0.0%2CN%3Bcrm%2C21.600.100%2CN%3Bcurrency%2C21.100.0%2CN%3Bdav%2C21.100.0%2CN%3Bdisk%2C21.500.0%2CN%3Bdocumentgenerator%2C21.0.0%2CN%3Bextranet%2C21.100.0%2CN%3Bfaceid%2C21.100.0%2CN%3Bfileman%2C21.200.0%2CN%3Bform%2C21.0.0%2CN%3Bforum%2C21.100.0%2CN%3Bhighloadblock%2C21.100.0%2CN%3Biblock%2C21.400.100%2CN%3Bidea%2C21.0.0%2CN%3Bim%2C21.300.100%2CN%3Bimbot%2C21.100.200%2CN%3Bimconnector%2C21.175.0%2CN%3Bimopenlines%2C21.200.100%2CN%3Bintranet%2C21.400.400%2CN%3Blanding%2C21.300.300%2CN%3Bldap%2C21.0.0%2CN%3Blearning%2C21.0.0%2CN%3Blists%2C21.100.0%2CN%3Blocation%2C21.200.100%2CN%3Bmail%2C21.100.100%2CN%3Bmeeting%2C21.100.0%2CN%3Bmessageservice%2C21.100.0%2CN%3Bml%2C21.0.0%2CN%3Bmobile%2C21.600.0%2CN%3Bmobileapp%2C21.0.50%2CN%3Bperfmon%2C21.0.0%2CN%3Bphotogallery%2C21.0.0%2CN%3Bpull%2C21.200.0%2CN%3Brecyclebin%2C21.0.0%2CN%3Breport%2C21.100.0%2CN%3Brest%2C21.200.0%2CN%3Brpa%2C21.0.0%2CN%3Bsale%2C21.400.0%2CN%3Bsalescenter%2C21.200.0%2CN%3Bscale%2C21.0.0%2CN%3Bsearch%2C21.0.100%2CN%3Bsecurity%2C21.0.0%2CN%3Bsender%2C21.100.100%2CN%3Bseo%2C21.300.0%2CN%3Bsocialnetwork%2C21.350.0%2CN%3Bsocialservices%2C21.100.0%2CN%3Bstatistic%2C21.0.0%2CN%3Bstoreassist%2C21.0.0%2CN%3Bsubscribe%2C21.0.0%2CN%3Bsupport%2C21.0.0%2CN%3Btasks%2C21.300.200%2CN%3Btimeman%2C21.200.0%2CN%3Btransformer%2C21.0.0%2CN%3Btranslate%2C21.100.0%2CN%3Bui%2C21.300.0%2CN%3Bvote%2C21.0.0%2CN%3Bvoximplant%2C21.100.200%2CN%3Bwebservice%2C21.0.0%2CN%3Bwiki%2C21.100.0%2CN%3Bworkflow%2C21.0.0%2CN%3Bxdimport%2C21.0.0%2CN&reqm=bitrix.eshop%2Cbitrix.sitecommunity%2Cbitrix.sitecorporate%2Cbitrix.siteinfoportal%2Cbitrix.sitepersonal&fullmoduleinfo=Y&SUPD_SRS=RU&SUPD_CMP=N
2022-06-29 08:06:33 -  - exec CUpdateClientPartner::GetHTTPPage
2022-06-29 08:06:33 -  - TIME GetUpdatesList(request) 0.244 sec
2022-06-29 08:06:33 -  - exec CUpdateClientPartner::ParseServerData
2022-06-29 08:06:33 -  - exec CUpdateClientPartner::__CollectRequestData
2022-06-29 08:06:33 -  - exec CUpdateClientPartner::GetHTTPPage
2022-06-29 08:06:34 -  - exec CUpdateClientPartner::ParseServerData
